<?xml version="1.0" encoding="UTF-8"?>
<testng-results skipped="0" failed="0" ignored="0" total="3" passed="3">
  <reporter-output>
  </reporter-output>
  <suite name="Suite" duration-ms="43098" started-at="2019-10-01T12:36:33Z" finished-at="2019-10-01T12:37:16Z">
    <groups>
    </groups>
    <test name="Test" duration-ms="43098" started-at="2019-10-01T12:36:33Z" finished-at="2019-10-01T12:37:16Z">
      <class name="TestCases.testModule">
        <test-method status="PASS" signature="reportSetUp()[pri:0, instance:TestCases.testModule@3b0143d3]" name="reportSetUp" is-config="true" duration-ms="136" started-at="2019-10-01T18:06:33Z" finished-at="2019-10-01T18:06:33Z">
          <reporter-output>
          </reporter-output>
        </test-method> <!-- reportSetUp -->
        <test-method status="PASS" signature="open()[pri:0, instance:TestCases.testModule@3b0143d3]" name="open" is-config="true" duration-ms="12264" started-at="2019-10-01T18:06:33Z" finished-at="2019-10-01T18:06:45Z">
          <reporter-output>
          </reporter-output>
        </test-method> <!-- open -->
        <test-method status="PASS" signature="verifyHideButton()[pri:1, instance:TestCases.testModule@3b0143d3]" name="verifyHideButton" duration-ms="11092" started-at="2019-10-01T18:06:45Z" finished-at="2019-10-01T18:06:56Z">
          <reporter-output>
          </reporter-output>
        </test-method> <!-- verifyHideButton -->
        <test-method status="PASS" signature="VerifyShowButton()[pri:2, instance:TestCases.testModule@3b0143d3]" name="VerifyShowButton" duration-ms="8495" started-at="2019-10-01T18:06:56Z" finished-at="2019-10-01T18:07:05Z">
          <reporter-output>
          </reporter-output>
        </test-method> <!-- VerifyShowButton -->
        <test-method status="PASS" signature="showTitle()[pri:3, instance:TestCases.testModule@3b0143d3]" name="showTitle" duration-ms="10617" started-at="2019-10-01T18:07:05Z" finished-at="2019-10-01T18:07:15Z">
          <reporter-output>
          </reporter-output>
        </test-method> <!-- showTitle -->
        <test-method status="PASS" signature="Appclose()[pri:0, instance:TestCases.testModule@3b0143d3]" name="Appclose" is-config="true" duration-ms="607" started-at="2019-10-01T18:07:15Z" finished-at="2019-10-01T18:07:16Z">
          <reporter-output>
          </reporter-output>
        </test-method> <!-- Appclose -->
        <test-method status="PASS" signature="reportClosing()[pri:0, instance:TestCases.testModule@3b0143d3]" name="reportClosing" is-config="true" duration-ms="378" started-at="2019-10-01T18:07:16Z" finished-at="2019-10-01T18:07:16Z">
          <reporter-output>
          </reporter-output>
        </test-method> <!-- reportClosing -->
      </class> <!-- TestCases.testModule -->
    </test> <!-- Test -->
  </suite> <!-- Suite -->
</testng-results>
