<?xml version="1.0" encoding="UTF-8"?>
<!-- Generated by org.testng.reporters.JUnitXMLReporter -->
<testsuite hostname="Himanshusingh01" ignored="0" name="Test" tests="3" failures="0" timestamp="01 Oct 2019 12:37:16 GMT" time="43.098" errors="0">
  <testcase name="verifyHideButton" time="11.092" classname="TestCases.testModule"/>
  <testcase name="VerifyShowButton" time="8.495" classname="TestCases.testModule"/>
  <testcase name="showTitle" time="10.617" classname="TestCases.testModule"/>
</testsuite> <!-- Test -->
